<?xml version="1.0" encoding="UTF-8"?>
<!-- Generated by org.testng.reporters.JUnitReportReporter -->
<testsuite skipped="0" hostname="DESKTOP-8GQ3KA3" name="testcases.TC002_Registration" tests="2" failures="0" timestamp="2022-01-08T10:14:39 IST" time="6.584" errors="0">
  <testcase name="registrationFieldValidation" time="2.463" classname="testcases.TC002_Registration"/>
  <system-out/>
  <testcase name="registerWithMandatoryField" time="4.121" classname="testcases.TC002_Registration"/>
  <system-out/>
</testsuite> <!-- testcases.TC002_Registration -->
