<?xml version="1.0" encoding="UTF-8"?>
<!-- Generated by org.testng.reporters.JUnitReportReporter -->
<testsuite skipped="0" hostname="DESKTOP-8GQ3KA3" name="testcases.TC001_Login" tests="3" failures="0" timestamp="2022-01-08T10:14:39 IST" time="2.187" errors="0">
  <testcase name="loginFieldValidation" time="0.325" classname="testcases.TC001_Login"/>
  <system-out/>
  <testcase name="loginWithValidCredential" time="1.459" classname="testcases.TC001_Login"/>
  <system-out/>
  <testcase name="loginWithInValidCredential" time="0.403" classname="testcases.TC001_Login"/>
  <system-out/>
</testsuite> <!-- testcases.TC001_Login -->
